ERC report (2026-06-28T21:29:17, Encoding UTF8)
Report includes: Errors, Warnings, Exclusions

***** Sheet /
[label_dangling]: Label not connected
    ; error
    @(10.16 mm, 20.32 mm): Hierarchical Label 'IN_BAL_L_P'
[pin_not_connected]: Hierarchical label 'IN_BAL_L_P' in root sheet cannot be connected to non-existent parent sheet
    ; error
    @(10.16 mm, 20.32 mm): Hierarchical Label 'IN_BAL_L_P'
[label_dangling]: Label not connected
    ; error
    @(10.16 mm, 25.40 mm): Hierarchical Label 'IN_BAL_L_N'
[pin_not_connected]: Hierarchical label 'IN_BAL_L_N' in root sheet cannot be connected to non-existent parent sheet
    ; error
    @(10.16 mm, 25.40 mm): Hierarchical Label 'IN_BAL_L_N'
[label_dangling]: Label not connected
    ; error
    @(10.16 mm, 30.48 mm): Hierarchical Label 'IN_BAL_R_P'
[pin_not_connected]: Hierarchical label 'IN_BAL_R_P' in root sheet cannot be connected to non-existent parent sheet
    ; error
    @(10.16 mm, 30.48 mm): Hierarchical Label 'IN_BAL_R_P'
[label_dangling]: Label not connected
    ; error
    @(10.16 mm, 35.56 mm): Hierarchical Label 'IN_BAL_R_N'
[pin_not_connected]: Hierarchical label 'IN_BAL_R_N' in root sheet cannot be connected to non-existent parent sheet
    ; error
    @(10.16 mm, 35.56 mm): Hierarchical Label 'IN_BAL_R_N'
[label_dangling]: Label not connected
    ; error
    @(10.16 mm, 149.86 mm): Hierarchical Label 'DRY_L'
[pin_not_connected]: Hierarchical label 'DRY_L' in root sheet cannot be connected to non-existent parent sheet
    ; error
    @(10.16 mm, 149.86 mm): Hierarchical Label 'DRY_L'
[label_dangling]: Label not connected
    ; error
    @(10.16 mm, 154.94 mm): Hierarchical Label 'DRY_R'
[pin_not_connected]: Hierarchical label 'DRY_R' in root sheet cannot be connected to non-existent parent sheet
    ; error
    @(10.16 mm, 154.94 mm): Hierarchical Label 'DRY_R'
[label_dangling]: Label not connected
    ; error
    @(10.16 mm, 160.02 mm): Hierarchical Label 'WET_SEND_L'
[pin_not_connected]: Hierarchical label 'WET_SEND_L' in root sheet cannot be connected to non-existent parent sheet
    ; error
    @(10.16 mm, 160.02 mm): Hierarchical Label 'WET_SEND_L'
[label_dangling]: Label not connected
    ; error
    @(10.16 mm, 165.10 mm): Hierarchical Label 'WET_SEND_R'
[pin_not_connected]: Hierarchical label 'WET_SEND_R' in root sheet cannot be connected to non-existent parent sheet
    ; error
    @(10.16 mm, 165.10 mm): Hierarchical Label 'WET_SEND_R'
[label_dangling]: Label not connected
    ; error
    @(30.48 mm, 24.13 mm): Global Label 'IN_BAL_L_N'
[label_dangling]: Label not connected
    ; error
    @(30.48 mm, 72.39 mm): Global Label 'IN_BAL_R_N'
[label_dangling]: Label not connected
    ; error
    @(40.64 mm, 35.56 mm): Global Label 'IN_BAL_L_P'
[label_dangling]: Label not connected
    ; error
    @(40.64 mm, 48.26 mm): Global Label 'IN_BAL_L_N'
[label_dangling]: Label not connected
    ; error
    @(40.64 mm, 50.80 mm): Global Label 'IN_BAL_L_P'
[label_dangling]: Label not connected
    ; error
    @(40.64 mm, 83.82 mm): Global Label 'IN_BAL_R_P'
[label_dangling]: Label not connected
    ; error
    @(40.64 mm, 96.52 mm): Global Label 'IN_BAL_R_N'
[label_dangling]: Label not connected
    ; error
    @(40.64 mm, 99.06 mm): Global Label 'IN_BAL_R_P'
[wire_dangling]: Wires not connected to anything
    ; error
    @(55.88 mm, 37.54 mm): Vertical Wire, length 1.98 mm
    @(55.88 mm, 32.46 mm): Vertical Wire, length 3.10 mm
[wire_dangling]: Wires not connected to anything
    ; error
    @(55.88 mm, 45.72 mm): Vertical Wire, length 2.54 mm
    @(55.88 mm, 40.64 mm): Vertical Wire, length 2.54 mm
[wire_dangling]: Wires not connected to anything
    ; error
    @(55.88 mm, 85.80 mm): Vertical Wire, length 1.98 mm
    @(55.88 mm, 80.72 mm): Vertical Wire, length 3.10 mm
[wire_dangling]: Wires not connected to anything
    ; error
    @(55.88 mm, 88.90 mm): Vertical Wire, length 2.54 mm
    @(55.88 mm, 93.98 mm): Vertical Wire, length 2.54 mm
[label_dangling]: Label not connected
    ; error
    @(60.96 mm, 35.56 mm): Global Label 'L_HOT_FIL'
[label_dangling]: Label not connected
    ; error
    @(60.96 mm, 83.82 mm): Global Label 'R_HOT_FIL'
[wire_dangling]: Wires not connected to anything
    ; error
    @(66.04 mm, 37.54 mm): Vertical Wire, length 1.98 mm
    @(66.04 mm, 32.46 mm): Vertical Wire, length 3.10 mm
[wire_dangling]: Wires not connected to anything
    ; error
    @(66.04 mm, 45.72 mm): Vertical Wire, length 2.54 mm
    @(66.04 mm, 40.64 mm): Vertical Wire, length 2.54 mm
[wire_dangling]: Wires not connected to anything
    ; error
    @(66.04 mm, 80.72 mm): Vertical Wire, length 3.10 mm
    @(66.04 mm, 85.80 mm): Vertical Wire, length 1.98 mm
[wire_dangling]: Wires not connected to anything
    ; error
    @(66.04 mm, 88.90 mm): Vertical Wire, length 2.54 mm
    @(66.04 mm, 93.98 mm): Vertical Wire, length 2.54 mm
[label_dangling]: Label not connected
    ; error
    @(71.12 mm, 35.56 mm): Global Label 'L_COLD_FIL'
[label_dangling]: Label not connected
    ; error
    @(71.12 mm, 83.82 mm): Global Label 'R_COLD_FIL'
[label_dangling]: Label not connected
    ; error
    @(95.25 mm, 53.34 mm): Global Label 'AGND'
[label_dangling]: Label not connected
    ; error
    @(114.30 mm, 115.00 mm): Global Label 'MONO_C'
[label_dangling]: Label not connected
    ; error
    @(124.46 mm, 33.02 mm): Global Label 'WD_L_HI'
[label_dangling]: Label not connected
    ; error
    @(124.46 mm, 81.28 mm): Global Label 'WD_R_HI'
[label_dangling]: Label not connected
    ; error
    @(124.46 mm, 86.36 mm): Global Label 'MONO_C'
[label_dangling]: Label not connected
    ; error
    @(126.49 mm, 2.54 mm): Global Label '-15VA'
[label_dangling]: Label not connected
    ; error
    @(126.49 mm, 12.70 mm): Global Label '+15VA'
[label_dangling]: Label not connected
    ; error
    @(129.54 mm, 20.32 mm): Global Label '+15VA'
[label_dangling]: Label not connected
    ; error
    @(134.62 mm, 35.56 mm): Global Label 'WD_L_HI'
[label_dangling]: Label not connected
    ; error
    @(134.62 mm, 83.82 mm): Global Label 'WD_R_HI'
[label_dangling]: Label not connected
    ; error
    @(139.70 mm, 25.40 mm): Global Label '-15VA'
[label_dangling]: Label not connected
    ; error
    @(144.78 mm, 127.00 mm): Global Label 'WET_SEND_R'
[label_dangling]: Label not connected
    ; error
    @(144.78 mm, 132.08 mm): Global Label 'WET_SEND_L'
[label_dangling]: Label not connected
    ; error
    @(144.78 mm, 147.32 mm): Global Label 'DRY_R'
[label_dangling]: Label not connected
    ; error
    @(144.78 mm, 152.40 mm): Global Label 'DRY_L'
[label_dangling]: Label not connected
    ; error
    @(169.42 mm, 91.44 mm): Global Label 'WD_R_LO'
[label_dangling]: Label not connected
    ; error
    @(169.42 mm, 91.44 mm): Global Label 'WET_SUM_R'
[label_dangling]: Label not connected
    ; error
    @(169.42 mm, 93.98 mm): Global Label 'WD_R_WIPER'
[label_dangling]: Label not connected
    ; error
    @(169.42 mm, 96.52 mm): Global Label 'WD_R_HI'
[label_dangling]: Label not connected
    ; error
    @(169.42 mm, 99.06 mm): Global Label 'WD_L_LO'
[label_dangling]: Label not connected
    ; error
    @(169.42 mm, 99.06 mm): Global Label 'WET_SUM_L'
[label_dangling]: Label not connected
    ; error
    @(169.42 mm, 101.60 mm): Global Label 'WD_L_WIPER'
[label_dangling]: Label not connected
    ; error
    @(169.42 mm, 104.14 mm): Global Label 'WD_L_HI'
[label_dangling]: Label not connected
    ; error
    @(169.42 mm, 127.00 mm): Global Label 'WET_SUM_R'
[label_dangling]: Label not connected
    ; error
    @(169.42 mm, 132.08 mm): Global Label 'WET_SUM_L'
[label_dangling]: Label not connected
    ; error
    @(170.18 mm, 43.18 mm): Global Label 'U2A_N'
[label_dangling]: Label not connected
    ; error
    @(170.18 mm, 48.26 mm): Global Label 'WD_L_WIPER'
[label_dangling]: Label not connected
    ; error
    @(170.18 mm, 83.82 mm): Global Label 'U2B_N'
[label_dangling]: Label not connected
    ; error
    @(170.18 mm, 88.90 mm): Global Label 'WD_R_WIPER'
[label_dangling]: Label not connected
    ; error
    @(176.53 mm, 2.54 mm): Global Label '-15VA'
[label_dangling]: Label not connected
    ; error
    @(176.53 mm, 12.70 mm): Global Label '+15VA'
[label_dangling]: Label not connected
    ; error
    @(179.58 mm, 20.32 mm): Global Label '+15VA'
[label_dangling]: Label not connected
    ; error
    @(184.15 mm, 45.72 mm): Global Label 'U2A_N'
[label_dangling]: Label not connected
    ; error
    @(184.15 mm, 86.36 mm): Global Label 'U2B_N'
[label_dangling]: Label not connected
    ; error
    @(189.74 mm, 25.40 mm): Global Label '-15VA'
[label_dangling]: Label not connected
    ; error
    @(194.31 mm, 48.26 mm): Global Label 'L_BLEND'
[label_dangling]: Label not connected
    ; error
    @(194.31 mm, 88.90 mm): Global Label 'R_BLEND'
[label_dangling]: Label not connected
    ; error
    @(194.82 mm, 147.32 mm): Global Label '-15VA'
[label_dangling]: Label not connected
    ; error
    @(194.82 mm, 152.40 mm): Global Label '+15VA'
[label_dangling]: Label not connected
    ; error
    @(205.74 mm, 43.18 mm): Global Label 'U2A_N'
[label_dangling]: Label not connected
    ; error
    @(205.74 mm, 48.26 mm): Global Label 'L_BLEND'
[label_dangling]: Label not connected
    ; error
    @(205.74 mm, 83.82 mm): Global Label 'U2B_N'
[label_dangling]: Label not connected
    ; error
    @(205.74 mm, 88.90 mm): Global Label 'R_BLEND'
[label_dangling]: Label not connected
    ; error
    @(210.82 mm, 66.04 mm): Global Label 'U3B_N'
[label_dangling]: Label not connected
    ; error
    @(210.82 mm, 71.12 mm): Global Label 'L_BLEND'
[label_dangling]: Label not connected
    ; error
    @(210.82 mm, 114.30 mm): Global Label 'U4B_N'
[label_dangling]: Label not connected
    ; error
    @(210.82 mm, 119.38 mm): Global Label 'R_BLEND'
[label_dangling]: Label not connected
    ; error
    @(220.98 mm, 45.72 mm): Global Label 'L_HOT_DRV'
[label_dangling]: Label not connected
    ; error
    @(220.98 mm, 50.80 mm): Global Label 'L_BLEND'
[label_dangling]: Label not connected
    ; error
    @(220.98 mm, 66.04 mm): Global Label 'U3B_N'
[label_dangling]: Label not connected
    ; error
    @(220.98 mm, 93.98 mm): Global Label 'R_HOT_DRV'
[label_dangling]: Label not connected
    ; error
    @(220.98 mm, 99.06 mm): Global Label 'R_BLEND'
[label_dangling]: Label not connected
    ; error
    @(220.98 mm, 114.30 mm): Global Label 'U4B_N'
[label_dangling]: Label not connected
    ; error
    @(226.57 mm, 2.54 mm): Global Label '-15VA'
[label_dangling]: Label not connected
    ; error
    @(226.57 mm, 12.70 mm): Global Label '+15VA'
[label_dangling]: Label not connected
    ; error
    @(229.62 mm, 20.32 mm): Global Label '+15VA'
[label_dangling]: Label not connected
    ; error
    @(231.14 mm, 68.58 mm): Global Label 'L_COLD_DRV'
[label_dangling]: Label not connected
    ; error
    @(231.14 mm, 116.84 mm): Global Label 'R_COLD_DRV'
[label_dangling]: Label not connected
    ; error
    @(234.95 mm, 48.26 mm): Global Label 'L_HOT_DRV'
[label_dangling]: Label not connected
    ; error
    @(234.95 mm, 96.52 mm): Global Label 'R_HOT_DRV'
[label_dangling]: Label not connected
    ; error
    @(239.52 mm, 35.56 mm): Global Label 'OUT_BAL_L_P'
[label_dangling]: Label not connected
    ; error
    @(239.52 mm, 83.82 mm): Global Label 'OUT_BAL_R_P'
[label_dangling]: Label not connected
    ; error
    @(239.78 mm, 25.40 mm): Global Label '-15VA'
[label_dangling]: Label not connected
    ; error
    @(241.30 mm, 48.26 mm): Global Label 'L_HOT_DRV'
[label_dangling]: Label not connected
    ; error
    @(241.30 mm, 66.04 mm): Global Label 'U3B_N'
[label_dangling]: Label not connected
    ; error
    @(241.30 mm, 71.12 mm): Global Label 'L_COLD_DRV'
[label_dangling]: Label not connected
    ; error
    @(241.30 mm, 96.52 mm): Global Label 'R_HOT_DRV'
[label_dangling]: Label not connected
    ; error
    @(241.30 mm, 114.30 mm): Global Label 'U4B_N'
[label_dangling]: Label not connected
    ; error
    @(241.30 mm, 119.38 mm): Global Label 'R_COLD_DRV'
[label_dangling]: Label not connected
    ; error
    @(246.38 mm, 68.58 mm): Global Label 'L_COLD_DRV'
[label_dangling]: Label not connected
    ; error
    @(246.38 mm, 116.84 mm): Global Label 'R_COLD_DRV'
[label_dangling]: Label not connected
    ; error
    @(251.46 mm, 48.26 mm): Global Label 'OUT_BAL_L_P'
[label_dangling]: Label not connected
    ; error
    @(251.46 mm, 68.58 mm): Global Label 'OUT_BAL_L_N'
[label_dangling]: Label not connected
    ; error
    @(251.46 mm, 96.52 mm): Global Label 'OUT_BAL_R_P'
[label_dangling]: Label not connected
    ; error
    @(251.46 mm, 116.84 mm): Global Label 'OUT_BAL_R_N'
[label_dangling]: Label not connected
    ; error
    @(251.97 mm, 2.54 mm): Global Label '-15VA'
[label_dangling]: Label not connected
    ; error
    @(251.97 mm, 12.70 mm): Global Label '+15VA'
[label_dangling]: Label not connected
    ; error
    @(255.02 mm, 20.32 mm): Global Label '+15VA'
[label_dangling]: Label not connected
    ; error
    @(259.08 mm, 35.56 mm): Global Label 'OUT_BAL_L_N'
[label_dangling]: Label not connected
    ; error
    @(259.08 mm, 48.26 mm): Global Label 'OUT_BAL_L_N'
[label_dangling]: Label not connected
    ; error
    @(259.08 mm, 50.80 mm): Global Label 'OUT_BAL_L_P'
[label_dangling]: Label not connected
    ; error
    @(259.08 mm, 83.82 mm): Global Label 'OUT_BAL_R_N'
[label_dangling]: Label not connected
    ; error
    @(259.08 mm, 96.52 mm): Global Label 'OUT_BAL_R_N'
[label_dangling]: Label not connected
    ; error
    @(259.08 mm, 99.06 mm): Global Label 'OUT_BAL_R_P'
[label_dangling]: Label not connected
    ; error
    @(265.18 mm, 25.40 mm): Global Label '-15VA'
[label_dangling]: Label not connected
    ; error
    @(271.78 mm, 20.32 mm): Hierarchical Label 'OUT_BAL_L_P'
[pin_not_connected]: Hierarchical label 'OUT_BAL_L_P' in root sheet cannot be connected to non-existent parent sheet
    ; error
    @(271.78 mm, 20.32 mm): Hierarchical Label 'OUT_BAL_L_P'
[label_dangling]: Label not connected
    ; error
    @(271.78 mm, 25.40 mm): Hierarchical Label 'OUT_BAL_L_N'
[pin_not_connected]: Hierarchical label 'OUT_BAL_L_N' in root sheet cannot be connected to non-existent parent sheet
    ; error
    @(271.78 mm, 25.40 mm): Hierarchical Label 'OUT_BAL_L_N'
[label_dangling]: Label not connected
    ; error
    @(271.78 mm, 30.48 mm): Hierarchical Label 'OUT_BAL_R_P'
[pin_not_connected]: Hierarchical label 'OUT_BAL_R_P' in root sheet cannot be connected to non-existent parent sheet
    ; error
    @(271.78 mm, 30.48 mm): Hierarchical Label 'OUT_BAL_R_P'
[label_dangling]: Label not connected
    ; error
    @(271.78 mm, 35.56 mm): Hierarchical Label 'OUT_BAL_R_N'
[pin_not_connected]: Hierarchical label 'OUT_BAL_R_N' in root sheet cannot be connected to non-existent parent sheet
    ; error
    @(271.78 mm, 35.56 mm): Hierarchical Label 'OUT_BAL_R_N'
[label_dangling]: Label not connected
    ; error
    @(271.78 mm, 111.76 mm): Hierarchical Label 'WD_L_HI'
[pin_not_connected]: Hierarchical label 'WD_L_HI' in root sheet cannot be connected to non-existent parent sheet
    ; error
    @(271.78 mm, 111.76 mm): Hierarchical Label 'WD_L_HI'
[label_dangling]: Label not connected
    ; error
    @(271.78 mm, 116.84 mm): Hierarchical Label 'WD_L_WIPER'
[pin_not_connected]: Hierarchical label 'WD_L_WIPER' in root sheet cannot be connected to non-existent parent sheet
    ; error
    @(271.78 mm, 116.84 mm): Hierarchical Label 'WD_L_WIPER'
[label_dangling]: Label not connected
    ; error
    @(271.78 mm, 121.92 mm): Hierarchical Label 'WD_L_LO'
[pin_not_connected]: Hierarchical label 'WD_L_LO' in root sheet cannot be connected to non-existent parent sheet
    ; error
    @(271.78 mm, 121.92 mm): Hierarchical Label 'WD_L_LO'
[label_dangling]: Label not connected
    ; error
    @(271.78 mm, 127.00 mm): Hierarchical Label 'WD_R_HI'
[pin_not_connected]: Hierarchical label 'WD_R_HI' in root sheet cannot be connected to non-existent parent sheet
    ; error
    @(271.78 mm, 127.00 mm): Hierarchical Label 'WD_R_HI'
[label_dangling]: Label not connected
    ; error
    @(271.78 mm, 132.08 mm): Hierarchical Label 'WD_R_WIPER'
[pin_not_connected]: Hierarchical label 'WD_R_WIPER' in root sheet cannot be connected to non-existent parent sheet
    ; error
    @(271.78 mm, 132.08 mm): Hierarchical Label 'WD_R_WIPER'
[label_dangling]: Label not connected
    ; error
    @(271.78 mm, 137.16 mm): Hierarchical Label 'WD_R_LO'
[pin_not_connected]: Hierarchical label 'WD_R_LO' in root sheet cannot be connected to non-existent parent sheet
    ; error
    @(271.78 mm, 137.16 mm): Hierarchical Label 'WD_R_LO'
[pin_not_connected]: Hierarchical label 'MONO_A' in root sheet cannot be connected to non-existent parent sheet
    ; error
    @(271.78 mm, 144.78 mm): Hierarchical Label 'MONO_A'
[label_dangling]: Label not connected
    ; error
    @(271.78 mm, 149.86 mm): Hierarchical Label 'MONO_C'
[pin_not_connected]: Hierarchical label 'MONO_C' in root sheet cannot be connected to non-existent parent sheet
    ; error
    @(271.78 mm, 149.86 mm): Hierarchical Label 'MONO_C'
[pin_not_connected]: Hierarchical label 'MONO_B' in root sheet cannot be connected to non-existent parent sheet
    ; error
    @(271.78 mm, 154.94 mm): Hierarchical Label 'MONO_B'
[label_dangling]: Label not connected
    ; error
    @(271.78 mm, 160.02 mm): Hierarchical Label 'WET_SUM_L'
[pin_not_connected]: Hierarchical label 'WET_SUM_L' in root sheet cannot be connected to non-existent parent sheet
    ; error
    @(271.78 mm, 160.02 mm): Hierarchical Label 'WET_SUM_L'
[label_dangling]: Label not connected
    ; error
    @(271.78 mm, 165.10 mm): Hierarchical Label 'WET_SUM_R'
[pin_not_connected]: Hierarchical label 'WET_SUM_R' in root sheet cannot be connected to non-existent parent sheet
    ; error
    @(271.78 mm, 165.10 mm): Hierarchical Label 'WET_SUM_R'
[unconnected_wire_endpoint]: Unconnected wire endpoint
    ; warning
    @(10.16 mm, 20.32 mm): Horizontal Wire, length 5.08 mm
[unconnected_wire_endpoint]: Unconnected wire endpoint
    ; warning
    @(10.16 mm, 25.40 mm): Horizontal Wire, length 5.08 mm
[unconnected_wire_endpoint]: Unconnected wire endpoint
    ; warning
    @(10.16 mm, 30.48 mm): Horizontal Wire, length 5.08 mm
[unconnected_wire_endpoint]: Unconnected wire endpoint
    ; warning
    @(10.16 mm, 35.56 mm): Horizontal Wire, length 5.08 mm
[unconnected_wire_endpoint]: Unconnected wire endpoint
    ; warning
    @(10.16 mm, 149.86 mm): Horizontal Wire, length 5.08 mm
[unconnected_wire_endpoint]: Unconnected wire endpoint
    ; warning
    @(10.16 mm, 154.94 mm): Horizontal Wire, length 5.08 mm
[unconnected_wire_endpoint]: Unconnected wire endpoint
    ; warning
    @(10.16 mm, 160.02 mm): Horizontal Wire, length 5.08 mm
[unconnected_wire_endpoint]: Unconnected wire endpoint
    ; warning
    @(10.16 mm, 165.10 mm): Horizontal Wire, length 5.08 mm
[endpoint_off_grid]: Symbol pin or wire end off connection grid
    ; warning
    @(22.38 mm, 35.56 mm): Horizontal Wire, length 2.06 mm
[unconnected_wire_endpoint]: Unconnected wire endpoint
    ; warning
    @(22.38 mm, 35.56 mm): Horizontal Wire, length 2.06 mm
[endpoint_off_grid]: Symbol pin or wire end off connection grid
    ; warning
    @(22.38 mm, 83.82 mm): Horizontal Wire, length 2.06 mm
[unconnected_wire_endpoint]: Unconnected wire endpoint
    ; warning
    @(22.38 mm, 83.82 mm): Horizontal Wire, length 2.06 mm
[unconnected_wire_endpoint]: Unconnected wire endpoint
    ; warning
    @(27.94 mm, 27.94 mm): Vertical Wire, length 3.81 mm
[unconnected_wire_endpoint]: Unconnected wire endpoint
    ; warning
    @(27.94 mm, 76.20 mm): Vertical Wire, length 3.81 mm
[unconnected_wire_endpoint]: Unconnected wire endpoint
    ; warning
    @(30.48 mm, 27.94 mm): Vertical Wire, length 3.81 mm
[unconnected_wire_endpoint]: Unconnected wire endpoint
    ; warning
    @(30.48 mm, 76.20 mm): Vertical Wire, length 3.81 mm
[endpoint_off_grid]: Symbol pin or wire end off connection grid
    ; warning
    @(35.08 mm, 48.26 mm): Horizontal Wire, length 5.56 mm
[unconnected_wire_endpoint]: Unconnected wire endpoint
    ; warning
    @(35.08 mm, 48.26 mm): Horizontal Wire, length 5.56 mm
[endpoint_off_grid]: Symbol pin or wire end off connection grid
    ; warning
    @(35.08 mm, 50.80 mm): Horizontal Wire, length 5.56 mm
[unconnected_wire_endpoint]: Unconnected wire endpoint
    ; warning
    @(35.08 mm, 50.80 mm): Horizontal Wire, length 5.56 mm
[endpoint_off_grid]: Symbol pin or wire end off connection grid
    ; warning
    @(35.08 mm, 53.34 mm): Horizontal Wire, length 5.56 mm
[unconnected_wire_endpoint]: Unconnected wire endpoint
    ; warning
    @(35.08 mm, 53.34 mm): Horizontal Wire, length 5.56 mm
[endpoint_off_grid]: Symbol pin or wire end off connection grid
    ; warning
    @(35.08 mm, 96.52 mm): Horizontal Wire, length 5.56 mm
[unconnected_wire_endpoint]: Unconnected wire endpoint
    ; warning
    @(35.08 mm, 96.52 mm): Horizontal Wire, length 5.56 mm
[endpoint_off_grid]: Symbol pin or wire end off connection grid
    ; warning
    @(35.08 mm, 99.06 mm): Horizontal Wire, length 5.56 mm
[unconnected_wire_endpoint]: Unconnected wire endpoint
    ; warning
    @(35.08 mm, 99.06 mm): Horizontal Wire, length 5.56 mm
[endpoint_off_grid]: Symbol pin or wire end off connection grid
    ; warning
    @(35.08 mm, 101.60 mm): Horizontal Wire, length 5.56 mm
[unconnected_wire_endpoint]: Unconnected wire endpoint
    ; warning
    @(35.08 mm, 101.60 mm): Horizontal Wire, length 5.56 mm
[endpoint_off_grid]: Symbol pin or wire end off connection grid
    ; warning
    @(37.62 mm, 35.56 mm): Horizontal Wire, length 3.02 mm
[unconnected_wire_endpoint]: Unconnected wire endpoint
    ; warning
    @(37.62 mm, 35.56 mm): Horizontal Wire, length 3.02 mm
[endpoint_off_grid]: Symbol pin or wire end off connection grid
    ; warning
    @(37.62 mm, 83.82 mm): Horizontal Wire, length 3.02 mm
[unconnected_wire_endpoint]: Unconnected wire endpoint
    ; warning
    @(37.62 mm, 83.82 mm): Horizontal Wire, length 3.02 mm
[endpoint_off_grid]: Symbol pin or wire end off connection grid
    ; warning
    @(55.88 mm, 32.46 mm): Vertical Wire, length 3.10 mm
[unconnected_wire_endpoint]: Unconnected wire endpoint
    ; warning
    @(55.88 mm, 32.46 mm): Vertical Wire, length 3.10 mm
[endpoint_off_grid]: Symbol pin or wire end off connection grid
    ; warning
    @(55.88 mm, 37.54 mm): Vertical Wire, length 1.98 mm
[unconnected_wire_endpoint]: Unconnected wire endpoint
    ; warning
    @(55.88 mm, 37.54 mm): Vertical Wire, length 1.98 mm
[unconnected_wire_endpoint]: Unconnected wire endpoint
    ; warning
    @(55.88 mm, 40.64 mm): Vertical Wire, length 2.54 mm
[unconnected_wire_endpoint]: Unconnected wire endpoint
    ; warning
    @(55.88 mm, 45.72 mm): Vertical Wire, length 2.54 mm
[endpoint_off_grid]: Symbol pin or wire end off connection grid
    ; warning
    @(55.88 mm, 80.72 mm): Vertical Wire, length 3.10 mm
[unconnected_wire_endpoint]: Unconnected wire endpoint
    ; warning
    @(55.88 mm, 80.72 mm): Vertical Wire, length 3.10 mm
[endpoint_off_grid]: Symbol pin or wire end off connection grid
    ; warning
    @(55.88 mm, 85.80 mm): Vertical Wire, length 1.98 mm
[unconnected_wire_endpoint]: Unconnected wire endpoint
    ; warning
    @(55.88 mm, 85.80 mm): Vertical Wire, length 1.98 mm
[unconnected_wire_endpoint]: Unconnected wire endpoint
    ; warning
    @(55.88 mm, 88.90 mm): Vertical Wire, length 2.54 mm
[unconnected_wire_endpoint]: Unconnected wire endpoint
    ; warning
    @(55.88 mm, 93.98 mm): Vertical Wire, length 2.54 mm
[endpoint_off_grid]: Symbol pin or wire end off connection grid
    ; warning
    @(66.04 mm, 32.46 mm): Vertical Wire, length 3.10 mm
[unconnected_wire_endpoint]: Unconnected wire endpoint
    ; warning
    @(66.04 mm, 32.46 mm): Vertical Wire, length 3.10 mm
[endpoint_off_grid]: Symbol pin or wire end off connection grid
    ; warning
    @(66.04 mm, 37.54 mm): Vertical Wire, length 1.98 mm
[unconnected_wire_endpoint]: Unconnected wire endpoint
    ; warning
    @(66.04 mm, 37.54 mm): Vertical Wire, length 1.98 mm
[unconnected_wire_endpoint]: Unconnected wire endpoint
    ; warning
    @(66.04 mm, 40.64 mm): Vertical Wire, length 2.54 mm
[unconnected_wire_endpoint]: Unconnected wire endpoint
    ; warning
    @(66.04 mm, 45.72 mm): Vertical Wire, length 2.54 mm
[endpoint_off_grid]: Symbol pin or wire end off connection grid
    ; warning
    @(66.04 mm, 80.72 mm): Vertical Wire, length 3.10 mm
[unconnected_wire_endpoint]: Unconnected wire endpoint
    ; warning
    @(66.04 mm, 80.72 mm): Vertical Wire, length 3.10 mm
[endpoint_off_grid]: Symbol pin or wire end off connection grid
    ; warning
    @(66.04 mm, 85.80 mm): Vertical Wire, length 1.98 mm
[unconnected_wire_endpoint]: Unconnected wire endpoint
    ; warning
    @(66.04 mm, 85.80 mm): Vertical Wire, length 1.98 mm
[unconnected_wire_endpoint]: Unconnected wire endpoint
    ; warning
    @(66.04 mm, 88.90 mm): Vertical Wire, length 2.54 mm
[unconnected_wire_endpoint]: Unconnected wire endpoint
    ; warning
    @(66.04 mm, 93.98 mm): Vertical Wire, length 2.54 mm
[multiple_net_names]: Both MONO_B and R_COLD_FIL are attached to the same items; MONO_B will be used in the netlist
    ; warning
    @(111.76 mm, 78.74 mm): Global Label 'MONO_B'
    @(71.12 mm, 83.82 mm): Global Label 'R_COLD_FIL'
[endpoint_off_grid]: Symbol pin or wire end off connection grid
    ; warning
    @(87.38 mm, 33.02 mm): Horizontal Wire, length 2.16 mm
[unconnected_wire_endpoint]: Unconnected wire endpoint
    ; warning
    @(87.38 mm, 33.02 mm): Horizontal Wire, length 2.16 mm
[endpoint_off_grid]: Symbol pin or wire end off connection grid
    ; warning
    @(87.38 mm, 38.10 mm): Horizontal Wire, length 2.16 mm
[unconnected_wire_endpoint]: Unconnected wire endpoint
    ; warning
    @(87.38 mm, 38.10 mm): Horizontal Wire, length 2.16 mm
[endpoint_off_grid]: Symbol pin or wire end off connection grid
    ; warning
    @(87.38 mm, 81.28 mm): Horizontal Wire, length 2.16 mm
[unconnected_wire_endpoint]: Unconnected wire endpoint
    ; warning
    @(87.38 mm, 81.28 mm): Horizontal Wire, length 2.16 mm
[endpoint_off_grid]: Symbol pin or wire end off connection grid
    ; warning
    @(87.38 mm, 86.36 mm): Horizontal Wire, length 2.16 mm
[unconnected_wire_endpoint]: Unconnected wire endpoint
    ; warning
    @(87.38 mm, 86.36 mm): Horizontal Wire, length 2.16 mm
[unconnected_wire_endpoint]: Unconnected wire endpoint
    ; warning
    @(95.25 mm, 43.18 mm): Vertical Wire, length 2.54 mm
[multiple_net_names]: Both L_HOT_FIL and U1A_P are attached to the same items; L_HOT_FIL will be used in the netlist
    ; warning
    @(60.96 mm, 35.56 mm): Global Label 'L_HOT_FIL'
    @(95.25 mm, 48.26 mm): Global Label 'U1A_P'
[unconnected_wire_endpoint]: Unconnected wire endpoint
    ; warning
    @(95.25 mm, 91.44 mm): Vertical Wire, length 2.54 mm
[multiple_net_names]: Both R_HOT_FIL and U1B_P are attached to the same items; R_HOT_FIL will be used in the netlist
    ; warning
    @(60.96 mm, 83.82 mm): Global Label 'R_HOT_FIL'
    @(95.25 mm, 96.52 mm): Global Label 'U1B_P'
[endpoint_off_grid]: Symbol pin or wire end off connection grid
    ; warning
    @(100.33 mm, 35.56 mm): Horizontal Wire, length 2.29 mm
[unconnected_wire_endpoint]: Unconnected wire endpoint
    ; warning
    @(100.33 mm, 35.56 mm): Horizontal Wire, length 2.29 mm
[endpoint_off_grid]: Symbol pin or wire end off connection grid
    ; warning
    @(100.33 mm, 83.82 mm): Horizontal Wire, length 2.29 mm
[unconnected_wire_endpoint]: Unconnected wire endpoint
    ; warning
    @(100.33 mm, 83.82 mm): Horizontal Wire, length 2.29 mm
[endpoint_off_grid]: Symbol pin or wire end off connection grid
    ; warning
    @(114.30 mm, 112.46 mm): Horizontal Wire, length 1.27 mm
[endpoint_off_grid]: Symbol pin or wire end off connection grid
    ; warning
    @(114.30 mm, 115.00 mm): Horizontal Wire, length 1.27 mm
[endpoint_off_grid]: Symbol pin or wire end off connection grid
    ; warning
    @(114.30 mm, 117.54 mm): Horizontal Wire, length 1.27 mm
[unconnected_wire_endpoint]: Unconnected wire endpoint
    ; warning
    @(114.30 mm, 112.46 mm): Horizontal Wire, length 1.27 mm
[unconnected_wire_endpoint]: Unconnected wire endpoint
    ; warning
    @(114.30 mm, 115.00 mm): Horizontal Wire, length 1.27 mm
[unconnected_wire_endpoint]: Unconnected wire endpoint
    ; warning
    @(114.30 mm, 117.54 mm): Horizontal Wire, length 1.27 mm
[endpoint_off_grid]: Symbol pin or wire end off connection grid
    ; warning
    @(126.49 mm, 2.54 mm): Vertical Wire, length 2.54 mm
[unconnected_wire_endpoint]: Unconnected wire endpoint
    ; warning
    @(126.49 mm, 2.54 mm): Vertical Wire, length 2.54 mm
[unconnected_wire_endpoint]: Unconnected wire endpoint
    ; warning
    @(126.49 mm, 12.70 mm): Vertical Wire, length 2.54 mm
[endpoint_off_grid]: Symbol pin or wire end off connection grid
    ; warning
    @(126.49 mm, 12.70 mm): Vertical Wire, length 2.54 mm
[endpoint_off_grid]: Symbol pin or wire end off connection grid
    ; warning
    @(124.46 mm, 33.02 mm): Horizontal Wire, length 2.03 mm
[unconnected_wire_endpoint]: Unconnected wire endpoint
    ; warning
    @(124.46 mm, 33.02 mm): Horizontal Wire, length 2.03 mm
[endpoint_off_grid]: Symbol pin or wire end off connection grid
    ; warning
    @(124.46 mm, 38.10 mm): Horizontal Wire, length 2.03 mm
[unconnected_wire_endpoint]: Unconnected wire endpoint
    ; warning
    @(124.46 mm, 38.10 mm): Horizontal Wire, length 2.03 mm
[endpoint_off_grid]: Symbol pin or wire end off connection grid
    ; warning
    @(124.46 mm, 81.28 mm): Horizontal Wire, length 2.03 mm
[unconnected_wire_endpoint]: Unconnected wire endpoint
    ; warning
    @(124.46 mm, 81.28 mm): Horizontal Wire, length 2.03 mm
[endpoint_off_grid]: Symbol pin or wire end off connection grid
    ; warning
    @(124.46 mm, 86.36 mm): Horizontal Wire, length 2.03 mm
[unconnected_wire_endpoint]: Unconnected wire endpoint
    ; warning
    @(124.46 mm, 86.36 mm): Horizontal Wire, length 2.03 mm
[unconnected_wire_endpoint]: Unconnected wire endpoint
    ; warning
    @(129.54 mm, 20.32 mm): Vertical Wire, length 2.54 mm
[unconnected_wire_endpoint]: Unconnected wire endpoint
    ; warning
    @(129.54 mm, 25.40 mm): Vertical Wire, length 2.54 mm
[endpoint_off_grid]: Symbol pin or wire end off connection grid
    ; warning
    @(134.62 mm, 35.56 mm): Horizontal Wire, length 3.00 mm
[unconnected_wire_endpoint]: Unconnected wire endpoint
    ; warning
    @(134.62 mm, 35.56 mm): Horizontal Wire, length 3.00 mm
[endpoint_off_grid]: Symbol pin or wire end off connection grid
    ; warning
    @(134.62 mm, 83.82 mm): Horizontal Wire, length 3.00 mm
[unconnected_wire_endpoint]: Unconnected wire endpoint
    ; warning
    @(134.62 mm, 83.82 mm): Horizontal Wire, length 3.00 mm
[unconnected_wire_endpoint]: Unconnected wire endpoint
    ; warning
    @(139.70 mm, 20.32 mm): Vertical Wire, length 2.54 mm
[unconnected_wire_endpoint]: Unconnected wire endpoint
    ; warning
    @(139.70 mm, 25.40 mm): Vertical Wire, length 2.54 mm
[endpoint_off_grid]: Symbol pin or wire end off connection grid
    ; warning
    @(144.78 mm, 127.00 mm): Horizontal Wire, length 0.79 mm
[unconnected_wire_endpoint]: Unconnected wire endpoint
    ; warning
    @(144.78 mm, 127.00 mm): Horizontal Wire, length 0.79 mm
[endpoint_off_grid]: Symbol pin or wire end off connection grid
    ; warning
    @(144.78 mm, 129.54 mm): Horizontal Wire, length 0.79 mm
[unconnected_wire_endpoint]: Unconnected wire endpoint
    ; warning
    @(144.78 mm, 129.54 mm): Horizontal Wire, length 0.79 mm
[endpoint_off_grid]: Symbol pin or wire end off connection grid
    ; warning
    @(144.78 mm, 132.08 mm): Horizontal Wire, length 0.79 mm
[unconnected_wire_endpoint]: Unconnected wire endpoint
    ; warning
    @(144.78 mm, 132.08 mm): Horizontal Wire, length 0.79 mm
[endpoint_off_grid]: Symbol pin or wire end off connection grid
    ; warning
    @(144.78 mm, 147.32 mm): Horizontal Wire, length 0.79 mm
[unconnected_wire_endpoint]: Unconnected wire endpoint
    ; warning
    @(144.78 mm, 147.32 mm): Horizontal Wire, length 0.79 mm
[endpoint_off_grid]: Symbol pin or wire end off connection grid
    ; warning
    @(144.78 mm, 149.86 mm): Horizontal Wire, length 0.79 mm
[unconnected_wire_endpoint]: Unconnected wire endpoint
    ; warning
    @(144.78 mm, 149.86 mm): Horizontal Wire, length 0.79 mm
[endpoint_off_grid]: Symbol pin or wire end off connection grid
    ; warning
    @(144.78 mm, 152.40 mm): Horizontal Wire, length 0.79 mm
[unconnected_wire_endpoint]: Unconnected wire endpoint
    ; warning
    @(144.78 mm, 152.40 mm): Horizontal Wire, length 0.79 mm
[endpoint_off_grid]: Symbol pin or wire end off connection grid
    ; warning
    @(169.42 mm, 91.44 mm): Horizontal Wire, length 1.27 mm
[endpoint_off_grid]: Symbol pin or wire end off connection grid
    ; warning
    @(169.42 mm, 93.98 mm): Horizontal Wire, length 1.27 mm
[endpoint_off_grid]: Symbol pin or wire end off connection grid
    ; warning
    @(169.42 mm, 96.52 mm): Horizontal Wire, length 1.27 mm
[endpoint_off_grid]: Symbol pin or wire end off connection grid
    ; warning
    @(169.42 mm, 99.06 mm): Horizontal Wire, length 1.27 mm
[endpoint_off_grid]: Symbol pin or wire end off connection grid
    ; warning
    @(169.42 mm, 101.60 mm): Horizontal Wire, length 1.27 mm
[endpoint_off_grid]: Symbol pin or wire end off connection grid
    ; warning
    @(169.42 mm, 104.14 mm): Horizontal Wire, length 1.27 mm
[endpoint_off_grid]: Symbol pin or wire end off connection grid
    ; warning
    @(169.42 mm, 127.00 mm): Horizontal Wire, length 1.27 mm
[endpoint_off_grid]: Symbol pin or wire end off connection grid
    ; warning
    @(169.42 mm, 129.54 mm): Horizontal Wire, length 1.27 mm
[endpoint_off_grid]: Symbol pin or wire end off connection grid
    ; warning
    @(169.42 mm, 132.08 mm): Horizontal Wire, length 1.27 mm
[unconnected_wire_endpoint]: Unconnected wire endpoint
    ; warning
    @(169.42 mm, 91.44 mm): Horizontal Wire, length 1.27 mm
[unconnected_wire_endpoint]: Unconnected wire endpoint
    ; warning
    @(169.42 mm, 93.98 mm): Horizontal Wire, length 1.27 mm
[unconnected_wire_endpoint]: Unconnected wire endpoint
    ; warning
    @(169.42 mm, 96.52 mm): Horizontal Wire, length 1.27 mm
[unconnected_wire_endpoint]: Unconnected wire endpoint
    ; warning
    @(169.42 mm, 99.06 mm): Horizontal Wire, length 1.27 mm
[unconnected_wire_endpoint]: Unconnected wire endpoint
    ; warning
    @(169.42 mm, 101.60 mm): Horizontal Wire, length 1.27 mm
[unconnected_wire_endpoint]: Unconnected wire endpoint
    ; warning
    @(169.42 mm, 104.14 mm): Horizontal Wire, length 1.27 mm
[unconnected_wire_endpoint]: Unconnected wire endpoint
    ; warning
    @(169.42 mm, 127.00 mm): Horizontal Wire, length 1.27 mm
[unconnected_wire_endpoint]: Unconnected wire endpoint
    ; warning
    @(169.42 mm, 129.54 mm): Horizontal Wire, length 1.27 mm
[unconnected_wire_endpoint]: Unconnected wire endpoint
    ; warning
    @(169.42 mm, 132.08 mm): Horizontal Wire, length 1.27 mm
[unconnected_wire_endpoint]: Unconnected wire endpoint
    ; warning
    @(176.53 mm, 2.54 mm): Vertical Wire, length 2.54 mm
[unconnected_wire_endpoint]: Unconnected wire endpoint
    ; warning
    @(176.53 mm, 12.70 mm): Vertical Wire, length 2.54 mm
[unconnected_wire_endpoint]: Unconnected wire endpoint
    ; warning
    @(179.58 mm, 20.32 mm): Vertical Wire, length 2.54 mm
[endpoint_off_grid]: Symbol pin or wire end off connection grid
    ; warning
    @(179.58 mm, 20.32 mm): Vertical Wire, length 2.54 mm
[unconnected_wire_endpoint]: Unconnected wire endpoint
    ; warning
    @(179.58 mm, 25.40 mm): Vertical Wire, length 2.54 mm
[endpoint_off_grid]: Symbol pin or wire end off connection grid
    ; warning
    @(179.58 mm, 25.40 mm): Vertical Wire, length 2.54 mm
[endpoint_off_grid]: Symbol pin or wire end off connection grid
    ; warning
    @(182.38 mm, 45.72 mm): Horizontal Wire, length 1.77 mm
[unconnected_wire_endpoint]: Unconnected wire endpoint
    ; warning
    @(182.38 mm, 45.72 mm): Horizontal Wire, length 1.77 mm
[endpoint_off_grid]: Symbol pin or wire end off connection grid
    ; warning
    @(182.38 mm, 50.80 mm): Horizontal Wire, length 1.77 mm
[unconnected_wire_endpoint]: Unconnected wire endpoint
    ; warning
    @(182.38 mm, 50.80 mm): Horizontal Wire, length 1.77 mm
[endpoint_off_grid]: Symbol pin or wire end off connection grid
    ; warning
    @(182.38 mm, 86.36 mm): Horizontal Wire, length 1.77 mm
[unconnected_wire_endpoint]: Unconnected wire endpoint
    ; warning
    @(182.38 mm, 86.36 mm): Horizontal Wire, length 1.77 mm
[endpoint_off_grid]: Symbol pin or wire end off connection grid
    ; warning
    @(182.38 mm, 91.44 mm): Horizontal Wire, length 1.77 mm
[unconnected_wire_endpoint]: Unconnected wire endpoint
    ; warning
    @(182.38 mm, 91.44 mm): Horizontal Wire, length 1.77 mm
[unconnected_wire_endpoint]: Unconnected wire endpoint
    ; warning
    @(189.74 mm, 20.32 mm): Vertical Wire, length 2.54 mm
[endpoint_off_grid]: Symbol pin or wire end off connection grid
    ; warning
    @(189.74 mm, 20.32 mm): Vertical Wire, length 2.54 mm
[unconnected_wire_endpoint]: Unconnected wire endpoint
    ; warning
    @(189.74 mm, 25.40 mm): Vertical Wire, length 2.54 mm
[endpoint_off_grid]: Symbol pin or wire end off connection grid
    ; warning
    @(189.74 mm, 25.40 mm): Vertical Wire, length 2.54 mm
[endpoint_off_grid]: Symbol pin or wire end off connection grid
    ; warning
    @(194.82 mm, 147.32 mm): Horizontal Wire, length 0.75 mm
[endpoint_off_grid]: Symbol pin or wire end off connection grid
    ; warning
    @(194.82 mm, 149.86 mm): Horizontal Wire, length 0.75 mm
[endpoint_off_grid]: Symbol pin or wire end off connection grid
    ; warning
    @(194.82 mm, 152.40 mm): Horizontal Wire, length 0.75 mm
[unconnected_wire_endpoint]: Unconnected wire endpoint
    ; warning
    @(194.82 mm, 147.32 mm): Horizontal Wire, length 0.75 mm
[unconnected_wire_endpoint]: Unconnected wire endpoint
    ; warning
    @(194.82 mm, 149.86 mm): Horizontal Wire, length 0.75 mm
[unconnected_wire_endpoint]: Unconnected wire endpoint
    ; warning
    @(194.82 mm, 152.40 mm): Horizontal Wire, length 0.75 mm
[endpoint_off_grid]: Symbol pin or wire end off connection grid
    ; warning
    @(194.31 mm, 48.26 mm): Horizontal Wire, length 3.31 mm
[unconnected_wire_endpoint]: Unconnected wire endpoint
    ; warning
    @(194.31 mm, 48.26 mm): Horizontal Wire, length 3.31 mm
[endpoint_off_grid]: Symbol pin or wire end off connection grid
    ; warning
    @(194.31 mm, 88.90 mm): Horizontal Wire, length 3.31 mm
[unconnected_wire_endpoint]: Unconnected wire endpoint
    ; warning
    @(194.31 mm, 88.90 mm): Horizontal Wire, length 3.31 mm
[unconnected_wire_endpoint]: Unconnected wire endpoint
    ; warning
    @(220.98 mm, 66.04 mm): Horizontal Wire, length 1.27 mm
[unconnected_wire_endpoint]: Unconnected wire endpoint
    ; warning
    @(220.98 mm, 71.12 mm): Horizontal Wire, length 1.27 mm
[unconnected_wire_endpoint]: Unconnected wire endpoint
    ; warning
    @(220.98 mm, 114.30 mm): Horizontal Wire, length 1.27 mm
[unconnected_wire_endpoint]: Unconnected wire endpoint
    ; warning
    @(220.98 mm, 119.38 mm): Horizontal Wire, length 1.27 mm
[endpoint_off_grid]: Symbol pin or wire end off connection grid
    ; warning
    @(226.57 mm, 2.54 mm): Vertical Wire, length 2.54 mm
[unconnected_wire_endpoint]: Unconnected wire endpoint
    ; warning
    @(226.57 mm, 2.54 mm): Vertical Wire, length 2.54 mm
[unconnected_wire_endpoint]: Unconnected wire endpoint
    ; warning
    @(226.57 mm, 12.70 mm): Vertical Wire, length 2.54 mm
[endpoint_off_grid]: Symbol pin or wire end off connection grid
    ; warning
    @(226.57 mm, 12.70 mm): Vertical Wire, length 2.54 mm
[unconnected_wire_endpoint]: Unconnected wire endpoint
    ; warning
    @(229.62 mm, 20.32 mm): Vertical Wire, length 2.54 mm
[endpoint_off_grid]: Symbol pin or wire end off connection grid
    ; warning
    @(229.62 mm, 20.32 mm): Vertical Wire, length 2.54 mm
[unconnected_wire_endpoint]: Unconnected wire endpoint
    ; warning
    @(229.62 mm, 25.40 mm): Vertical Wire, length 2.54 mm
[endpoint_off_grid]: Symbol pin or wire end off connection grid
    ; warning
    @(229.62 mm, 25.40 mm): Vertical Wire, length 2.54 mm
[endpoint_off_grid]: Symbol pin or wire end off connection grid
    ; warning
    @(231.14 mm, 68.58 mm): Horizontal Wire, length 1.40 mm
[unconnected_wire_endpoint]: Unconnected wire endpoint
    ; warning
    @(231.14 mm, 68.58 mm): Horizontal Wire, length 1.40 mm
[endpoint_off_grid]: Symbol pin or wire end off connection grid
    ; warning
    @(231.14 mm, 116.84 mm): Horizontal Wire, length 1.40 mm
[unconnected_wire_endpoint]: Unconnected wire endpoint
    ; warning
    @(231.14 mm, 116.84 mm): Horizontal Wire, length 1.40 mm
[endpoint_off_grid]: Symbol pin or wire end off connection grid
    ; warning
    @(234.95 mm, 48.26 mm): Horizontal Wire, length 2.67 mm
[unconnected_wire_endpoint]: Unconnected wire endpoint
    ; warning
    @(234.95 mm, 48.26 mm): Horizontal Wire, length 2.67 mm
[endpoint_off_grid]: Symbol pin or wire end off connection grid
    ; warning
    @(234.95 mm, 96.52 mm): Horizontal Wire, length 2.67 mm
[unconnected_wire_endpoint]: Unconnected wire endpoint
    ; warning
    @(234.95 mm, 96.52 mm): Horizontal Wire, length 2.67 mm
[unconnected_wire_endpoint]: Unconnected wire endpoint
    ; warning
    @(239.78 mm, 20.32 mm): Vertical Wire, length 2.54 mm
[endpoint_off_grid]: Symbol pin or wire end off connection grid
    ; warning
    @(239.78 mm, 20.32 mm): Vertical Wire, length 2.54 mm
[unconnected_wire_endpoint]: Unconnected wire endpoint
    ; warning
    @(239.78 mm, 25.40 mm): Vertical Wire, length 2.54 mm
[endpoint_off_grid]: Symbol pin or wire end off connection grid
    ; warning
    @(239.78 mm, 25.40 mm): Vertical Wire, length 2.54 mm
[endpoint_off_grid]: Symbol pin or wire end off connection grid
    ; warning
    @(242.38 mm, 35.56 mm): Horizontal Wire, length 2.86 mm
[unconnected_wire_endpoint]: Unconnected wire endpoint
    ; warning
    @(242.38 mm, 35.56 mm): Horizontal Wire, length 2.86 mm
[endpoint_off_grid]: Symbol pin or wire end off connection grid
    ; warning
    @(242.38 mm, 83.82 mm): Horizontal Wire, length 2.86 mm
[unconnected_wire_endpoint]: Unconnected wire endpoint
    ; warning
    @(242.38 mm, 83.82 mm): Horizontal Wire, length 2.86 mm
[unconnected_wire_endpoint]: Unconnected wire endpoint
    ; warning
    @(241.30 mm, 48.26 mm): Horizontal Wire, length 2.54 mm
[unconnected_wire_endpoint]: Unconnected wire endpoint
    ; warning
    @(241.30 mm, 96.52 mm): Horizontal Wire, length 2.54 mm
[endpoint_off_grid]: Symbol pin or wire end off connection grid
    ; warning
    @(246.38 mm, 68.58 mm): Horizontal Wire, length 2.38 mm
[unconnected_wire_endpoint]: Unconnected wire endpoint
    ; warning
    @(246.38 mm, 68.58 mm): Horizontal Wire, length 2.38 mm
[endpoint_off_grid]: Symbol pin or wire end off connection grid
    ; warning
    @(246.38 mm, 116.84 mm): Horizontal Wire, length 2.38 mm
[unconnected_wire_endpoint]: Unconnected wire endpoint
    ; warning
    @(246.38 mm, 116.84 mm): Horizontal Wire, length 2.38 mm
[endpoint_off_grid]: Symbol pin or wire end off connection grid
    ; warning
    @(250.00 mm, 27.94 mm): Wire, length 3.815 mm
[unconnected_wire_endpoint]: Unconnected wire endpoint
    ; warning
    @(250.00 mm, 27.94 mm): Wire, length 3.815 mm
[endpoint_off_grid]: Symbol pin or wire end off connection grid
    ; warning
    @(250.00 mm, 76.20 mm): Wire, length 3.815 mm
[unconnected_wire_endpoint]: Unconnected wire endpoint
    ; warning
    @(250.00 mm, 76.20 mm): Wire, length 3.815 mm
[endpoint_off_grid]: Symbol pin or wire end off connection grid
    ; warning
    @(251.97 mm, 2.54 mm): Vertical Wire, length 2.54 mm
[unconnected_wire_endpoint]: Unconnected wire endpoint
    ; warning
    @(251.97 mm, 2.54 mm): Vertical Wire, length 2.54 mm
[unconnected_wire_endpoint]: Unconnected wire endpoint
    ; warning
    @(251.97 mm, 12.70 mm): Vertical Wire, length 2.54 mm
[endpoint_off_grid]: Symbol pin or wire end off connection grid
    ; warning
    @(251.97 mm, 12.70 mm): Vertical Wire, length 2.54 mm
[endpoint_off_grid]: Symbol pin or wire end off connection grid
    ; warning
    @(252.54 mm, 27.94 mm): Wire, length 3.815 mm
[unconnected_wire_endpoint]: Unconnected wire endpoint
    ; warning
    @(252.54 mm, 27.94 mm): Wire, length 3.815 mm
[endpoint_off_grid]: Symbol pin or wire end off connection grid
    ; warning
    @(252.54 mm, 76.20 mm): Wire, length 3.815 mm
[unconnected_wire_endpoint]: Unconnected wire endpoint
    ; warning
    @(252.54 mm, 76.20 mm): Wire, length 3.815 mm
[endpoint_off_grid]: Symbol pin or wire end off connection grid
    ; warning
    @(251.46 mm, 48.26 mm): Horizontal Wire, length 2.38 mm
[unconnected_wire_endpoint]: Unconnected wire endpoint
    ; warning
    @(251.46 mm, 48.26 mm): Horizontal Wire, length 2.38 mm
[endpoint_off_grid]: Symbol pin or wire end off connection grid
    ; warning
    @(251.46 mm, 68.58 mm): Horizontal Wire, length 2.38 mm
[unconnected_wire_endpoint]: Unconnected wire endpoint
    ; warning
    @(251.46 mm, 68.58 mm): Horizontal Wire, length 2.38 mm
[endpoint_off_grid]: Symbol pin or wire end off connection grid
    ; warning
    @(251.46 mm, 96.52 mm): Horizontal Wire, length 2.38 mm
[unconnected_wire_endpoint]: Unconnected wire endpoint
    ; warning
    @(251.46 mm, 96.52 mm): Horizontal Wire, length 2.38 mm
[endpoint_off_grid]: Symbol pin or wire end off connection grid
    ; warning
    @(251.46 mm, 116.84 mm): Horizontal Wire, length 2.38 mm
[unconnected_wire_endpoint]: Unconnected wire endpoint
    ; warning
    @(251.46 mm, 116.84 mm): Horizontal Wire, length 2.38 mm
[unconnected_wire_endpoint]: Unconnected wire endpoint
    ; warning
    @(255.02 mm, 20.32 mm): Vertical Wire, length 2.54 mm
[endpoint_off_grid]: Symbol pin or wire end off connection grid
    ; warning
    @(255.02 mm, 20.32 mm): Vertical Wire, length 2.54 mm
[unconnected_wire_endpoint]: Unconnected wire endpoint
    ; warning
    @(255.02 mm, 25.40 mm): Vertical Wire, length 2.54 mm
[endpoint_off_grid]: Symbol pin or wire end off connection grid
    ; warning
    @(255.02 mm, 25.40 mm): Vertical Wire, length 2.54 mm
[endpoint_off_grid]: Symbol pin or wire end off connection grid
    ; warning
    @(255.08 mm, 48.26 mm): Horizontal Wire, length 4.00 mm
[unconnected_wire_endpoint]: Unconnected wire endpoint
    ; warning
    @(255.08 mm, 48.26 mm): Horizontal Wire, length 4.00 mm
[endpoint_off_grid]: Symbol pin or wire end off connection grid
    ; warning
    @(255.08 mm, 50.80 mm): Horizontal Wire, length 4.00 mm
[unconnected_wire_endpoint]: Unconnected wire endpoint
    ; warning
    @(255.08 mm, 50.80 mm): Horizontal Wire, length 4.00 mm
[endpoint_off_grid]: Symbol pin or wire end off connection grid
    ; warning
    @(255.08 mm, 53.34 mm): Horizontal Wire, length 4.00 mm
[unconnected_wire_endpoint]: Unconnected wire endpoint
    ; warning
    @(255.08 mm, 53.34 mm): Horizontal Wire, length 4.00 mm
[endpoint_off_grid]: Symbol pin or wire end off connection grid
    ; warning
    @(255.08 mm, 96.52 mm): Horizontal Wire, length 4.00 mm
[unconnected_wire_endpoint]: Unconnected wire endpoint
    ; warning
    @(255.08 mm, 96.52 mm): Horizontal Wire, length 4.00 mm
[endpoint_off_grid]: Symbol pin or wire end off connection grid
    ; warning
    @(255.08 mm, 99.06 mm): Horizontal Wire, length 4.00 mm
[unconnected_wire_endpoint]: Unconnected wire endpoint
    ; warning
    @(255.08 mm, 99.06 mm): Horizontal Wire, length 4.00 mm
[endpoint_off_grid]: Symbol pin or wire end off connection grid
    ; warning
    @(255.08 mm, 101.60 mm): Horizontal Wire, length 4.00 mm
[unconnected_wire_endpoint]: Unconnected wire endpoint
    ; warning
    @(255.08 mm, 101.60 mm): Horizontal Wire, length 4.00 mm
[endpoint_off_grid]: Symbol pin or wire end off connection grid
    ; warning
    @(257.62 mm, 35.56 mm): Horizontal Wire, length 1.46 mm
[unconnected_wire_endpoint]: Unconnected wire endpoint
    ; warning
    @(257.62 mm, 35.56 mm): Horizontal Wire, length 1.46 mm
[endpoint_off_grid]: Symbol pin or wire end off connection grid
    ; warning
    @(257.62 mm, 83.82 mm): Horizontal Wire, length 1.46 mm
[unconnected_wire_endpoint]: Unconnected wire endpoint
    ; warning
    @(257.62 mm, 83.82 mm): Horizontal Wire, length 1.46 mm
[unconnected_wire_endpoint]: Unconnected wire endpoint
    ; warning
    @(265.18 mm, 20.32 mm): Vertical Wire, length 2.54 mm
[endpoint_off_grid]: Symbol pin or wire end off connection grid
    ; warning
    @(265.18 mm, 20.32 mm): Vertical Wire, length 2.54 mm
[unconnected_wire_endpoint]: Unconnected wire endpoint
    ; warning
    @(265.18 mm, 25.40 mm): Vertical Wire, length 2.54 mm
[endpoint_off_grid]: Symbol pin or wire end off connection grid
    ; warning
    @(265.18 mm, 25.40 mm): Vertical Wire, length 2.54 mm
[unconnected_wire_endpoint]: Unconnected wire endpoint
    ; warning
    @(266.70 mm, 20.32 mm): Horizontal Wire, length 5.08 mm
[unconnected_wire_endpoint]: Unconnected wire endpoint
    ; warning
    @(266.70 mm, 25.40 mm): Horizontal Wire, length 5.08 mm
[unconnected_wire_endpoint]: Unconnected wire endpoint
    ; warning
    @(266.70 mm, 30.48 mm): Horizontal Wire, length 5.08 mm
[unconnected_wire_endpoint]: Unconnected wire endpoint
    ; warning
    @(266.70 mm, 35.56 mm): Horizontal Wire, length 5.08 mm
[unconnected_wire_endpoint]: Unconnected wire endpoint
    ; warning
    @(266.70 mm, 111.76 mm): Horizontal Wire, length 5.08 mm
[unconnected_wire_endpoint]: Unconnected wire endpoint
    ; warning
    @(266.70 mm, 116.84 mm): Horizontal Wire, length 5.08 mm
[unconnected_wire_endpoint]: Unconnected wire endpoint
    ; warning
    @(266.70 mm, 121.92 mm): Horizontal Wire, length 5.08 mm
[unconnected_wire_endpoint]: Unconnected wire endpoint
    ; warning
    @(266.70 mm, 127.00 mm): Horizontal Wire, length 5.08 mm
[unconnected_wire_endpoint]: Unconnected wire endpoint
    ; warning
    @(266.70 mm, 132.08 mm): Horizontal Wire, length 5.08 mm
[unconnected_wire_endpoint]: Unconnected wire endpoint
    ; warning
    @(266.70 mm, 137.16 mm): Horizontal Wire, length 5.08 mm
[unconnected_wire_endpoint]: Unconnected wire endpoint
    ; warning
    @(266.70 mm, 144.78 mm): Horizontal Wire, length 5.08 mm
[unconnected_wire_endpoint]: Unconnected wire endpoint
    ; warning
    @(266.70 mm, 149.86 mm): Horizontal Wire, length 5.08 mm
[unconnected_wire_endpoint]: Unconnected wire endpoint
    ; warning
    @(266.70 mm, 154.94 mm): Horizontal Wire, length 5.08 mm
[unconnected_wire_endpoint]: Unconnected wire endpoint
    ; warning
    @(266.70 mm, 160.02 mm): Horizontal Wire, length 5.08 mm
[unconnected_wire_endpoint]: Unconnected wire endpoint
    ; warning
    @(266.70 mm, 165.10 mm): Horizontal Wire, length 5.08 mm
[multiple_net_names]: Both L_BLEND and WD_L_WIPER are attached to the same items; L_BLEND will be used in the netlist
    ; warning
    @(205.74 mm, 48.26 mm): Global Label 'L_BLEND'
    @(271.78 mm, 116.84 mm): Hierarchical Label 'WD_L_WIPER'
[multiple_net_names]: Both R_BLEND and WD_R_WIPER are attached to the same items; R_BLEND will be used in the netlist
    ; warning
    @(194.31 mm, 88.90 mm): Global Label 'R_BLEND'
    @(271.78 mm, 132.08 mm): Hierarchical Label 'WD_R_WIPER'
[multiple_net_names]: Both L_COLD_FIL and MONO_A are attached to the same items; L_COLD_FIL will be used in the netlist
    ; warning
    @(71.12 mm, 35.56 mm): Global Label 'L_COLD_FIL'
    @(271.78 mm, 144.78 mm): Hierarchical Label 'MONO_A'
[multiple_net_names]: Both WD_L_LO and WET_SUM_L are attached to the same items; WD_L_LO will be used in the netlist
    ; warning
    @(169.42 mm, 99.06 mm): Global Label 'WD_L_LO'
    @(271.78 mm, 160.02 mm): Hierarchical Label 'WET_SUM_L'
[multiple_net_names]: Both WD_R_LO and WET_SUM_R are attached to the same items; WD_R_LO will be used in the netlist
    ; warning
    @(169.42 mm, 91.44 mm): Global Label 'WD_R_LO'
    @(271.78 mm, 165.10 mm): Hierarchical Label 'WET_SUM_R'

 ** ERC messages: 404  Errors 149  Warnings 255

 ** Ignored checks:
    - Global label only appears once in the schematic
    - Four connection points are joined together
    - SPICE model issue
    - Assigned footprint doesn't match footprint filters
